..\bin\debug\cppcheck-core.ilk
..\bin\debug\cppcheck-core.pdb
C:\USERS\HEESUNG\DESKTOP\시도4\CPPCHECK-1.56\BIN\DEBUG\CPPCHECK-CORE.DLL
C:\Users\HeeSung\Desktop\시도4\cppcheck-1.56\bin\debug\cppcheck-core.exp
C:\USERS\HEESUNG\DESKTOP\시도4\CPPCHECK-1.56\BIN\DEBUG\CPPCHECK-CORE.ILK
C:\Users\HeeSung\Desktop\시도4\cppcheck-1.56\bin\debug\cppcheck-core.lib
C:\USERS\HEESUNG\DESKTOP\시도4\CPPCHECK-1.56\BIN\DEBUG\CPPCHECK-CORE.PDB
C:\Users\HeeSung\Desktop\시도4\cppcheck-1.56\lib\..\bin\debug\cppcheck-core.dll
C:\Users\HeeSung\Desktop\시도4\cppcheck-1.56\lib\temp\Debug_Win32\checkclass.obj
C:\Users\HeeSung\Desktop\시도4\cppcheck-1.56\lib\temp\Debug_Win32\checkunusedfunctions.obj
C:\Users\HeeSung\Desktop\시도4\cppcheck-1.56\lib\temp\Debug_Win32\CL.1104.read.1.tlog
C:\Users\HeeSung\Desktop\시도4\cppcheck-1.56\lib\temp\Debug_Win32\CL.1104.write.1.tlog
C:\Users\HeeSung\Desktop\시도4\cppcheck-1.56\lib\temp\Debug_Win32\CL.1120.read.1.tlog
C:\Users\HeeSung\Desktop\시도4\cppcheck-1.56\lib\temp\Debug_Win32\CL.1120.write.1.tlog
C:\Users\HeeSung\Desktop\시도4\cppcheck-1.56\lib\temp\Debug_Win32\CL.1536.read.1.tlog
C:\Users\HeeSung\Desktop\시도4\cppcheck-1.56\lib\temp\Debug_Win32\CL.1536.write.1.tlog
C:\Users\HeeSung\Desktop\시도4\cppcheck-1.56\lib\temp\Debug_Win32\CL.2304.read.1.tlog
C:\Users\HeeSung\Desktop\시도4\cppcheck-1.56\lib\temp\Debug_Win32\CL.2304.write.1.tlog
C:\Users\HeeSung\Desktop\시도4\cppcheck-1.56\lib\temp\Debug_Win32\CL.2612.read.1.tlog
C:\Users\HeeSung\Desktop\시도4\cppcheck-1.56\lib\temp\Debug_Win32\CL.2612.write.1.tlog
C:\Users\HeeSung\Desktop\시도4\cppcheck-1.56\lib\temp\Debug_Win32\CL.3176.read.1.tlog
C:\Users\HeeSung\Desktop\시도4\cppcheck-1.56\lib\temp\Debug_Win32\CL.3176.write.1.tlog
C:\Users\HeeSung\Desktop\시도4\cppcheck-1.56\lib\temp\Debug_Win32\CL.4492.read.1.tlog
C:\Users\HeeSung\Desktop\시도4\cppcheck-1.56\lib\temp\Debug_Win32\CL.4492.write.1.tlog
C:\Users\HeeSung\Desktop\시도4\cppcheck-1.56\lib\temp\Debug_Win32\CL.5032.read.1.tlog
C:\Users\HeeSung\Desktop\시도4\cppcheck-1.56\lib\temp\Debug_Win32\CL.5032.write.1.tlog
C:\Users\HeeSung\Desktop\시도4\cppcheck-1.56\lib\temp\Debug_Win32\cl.command.1.tlog
C:\Users\HeeSung\Desktop\시도4\cppcheck-1.56\lib\temp\Debug_Win32\CL.read.1.tlog
C:\Users\HeeSung\Desktop\시도4\cppcheck-1.56\lib\temp\Debug_Win32\cl.write.1.tlog
C:\Users\HeeSung\Desktop\시도4\cppcheck-1.56\lib\temp\Debug_Win32\cppcheck.obj
C:\Users\HeeSung\Desktop\시도4\cppcheck-1.56\lib\temp\Debug_Win32\cppcheck.write.1.tlog
C:\USERS\HEESUNG\DESKTOP\시도4\CPPCHECK-1.56\LIB\TEMP\DEBUG_WIN32\CPPCHECK-CORE.DLL.EMBED.MANIFEST
C:\USERS\HEESUNG\DESKTOP\시도4\CPPCHECK-1.56\LIB\TEMP\DEBUG_WIN32\CPPCHECK-CORE.DLL.EMBED.MANIFEST.RES
C:\USERS\HEESUNG\DESKTOP\시도4\CPPCHECK-1.56\LIB\TEMP\DEBUG_WIN32\CPPCHECK-CORE.DLL.INTERMEDIATE.MANIFEST
C:\Users\HeeSung\Desktop\시도4\cppcheck-1.56\lib\temp\Debug_Win32\cppcheck-core_manifest.rc
C:\Users\HeeSung\Desktop\시도4\cppcheck-1.56\lib\temp\Debug_Win32\errorlogger.obj
C:\Users\HeeSung\Desktop\시도4\cppcheck-1.56\lib\temp\Debug_Win32\executionpath.obj
C:\Users\HeeSung\Desktop\시도4\cppcheck-1.56\lib\temp\Debug_Win32\link.1088.read.1.tlog
C:\Users\HeeSung\Desktop\시도4\cppcheck-1.56\lib\temp\Debug_Win32\link.1088.write.1.tlog
C:\Users\HeeSung\Desktop\시도4\cppcheck-1.56\lib\temp\Debug_Win32\link.1088-cvtres.read.1.tlog
C:\Users\HeeSung\Desktop\시도4\cppcheck-1.56\lib\temp\Debug_Win32\link.1088-cvtres.write.1.tlog
C:\Users\HeeSung\Desktop\시도4\cppcheck-1.56\lib\temp\Debug_Win32\link.command.1.tlog
C:\Users\HeeSung\Desktop\시도4\cppcheck-1.56\lib\temp\Debug_Win32\link.read.1.tlog
C:\Users\HeeSung\Desktop\시도4\cppcheck-1.56\lib\temp\Debug_Win32\link.write.1.tlog
C:\Users\HeeSung\Desktop\시도4\cppcheck-1.56\lib\temp\Debug_Win32\link-cvtres.read.1.tlog
C:\Users\HeeSung\Desktop\시도4\cppcheck-1.56\lib\temp\Debug_Win32\link-cvtres.write.1.tlog
C:\Users\HeeSung\Desktop\시도4\cppcheck-1.56\lib\temp\Debug_Win32\MakeClassFunctionFunctionsTable.obj
C:\Users\HeeSung\Desktop\시도4\cppcheck-1.56\lib\temp\Debug_Win32\MakeClassVariableFunctionsTable.obj
C:\Users\HeeSung\Desktop\시도4\cppcheck-1.56\lib\temp\Debug_Win32\MakeFunctionFunctionTable.obj
C:\Users\HeeSung\Desktop\시도4\cppcheck-1.56\lib\temp\Debug_Win32\MakeVariableFunctionTable.obj
C:\Users\HeeSung\Desktop\시도4\cppcheck-1.56\lib\temp\Debug_Win32\mathlib.obj
C:\Users\HeeSung\Desktop\시도4\cppcheck-1.56\lib\temp\Debug_Win32\mt.command.1.tlog
C:\Users\HeeSung\Desktop\시도4\cppcheck-1.56\lib\temp\Debug_Win32\mt.read.1.tlog
C:\Users\HeeSung\Desktop\시도4\cppcheck-1.56\lib\temp\Debug_Win32\mt.write.1.tlog
C:\Users\HeeSung\Desktop\시도4\cppcheck-1.56\lib\temp\Debug_Win32\path.obj
C:\Users\HeeSung\Desktop\시도4\cppcheck-1.56\lib\temp\Debug_Win32\preprocessor.obj
C:\Users\HeeSung\Desktop\시도4\cppcheck-1.56\lib\temp\Debug_Win32\rc.command.1.tlog
C:\Users\HeeSung\Desktop\시도4\cppcheck-1.56\lib\temp\Debug_Win32\rc.read.1.tlog
C:\Users\HeeSung\Desktop\시도4\cppcheck-1.56\lib\temp\Debug_Win32\rc.write.1.tlog
C:\Users\HeeSung\Desktop\시도4\cppcheck-1.56\lib\temp\Debug_Win32\settings.obj
C:\Users\HeeSung\Desktop\시도4\cppcheck-1.56\lib\temp\Debug_Win32\suppressions.obj
C:\Users\HeeSung\Desktop\시도4\cppcheck-1.56\lib\temp\Debug_Win32\symboldatabase.obj
C:\Users\HeeSung\Desktop\시도4\cppcheck-1.56\lib\temp\Debug_Win32\templatesimplifier.obj
C:\Users\HeeSung\Desktop\시도4\cppcheck-1.56\lib\temp\Debug_Win32\timer.obj
C:\Users\HeeSung\Desktop\시도4\cppcheck-1.56\lib\temp\Debug_Win32\token.obj
C:\Users\HeeSung\Desktop\시도4\cppcheck-1.56\lib\temp\Debug_Win32\tokenize.obj
C:\Users\HeeSung\Desktop\시도4\cppcheck-1.56\lib\temp\Debug_Win32\tokenlist.obj
C:\USERS\HEESUNG\DESKTOP\시도4\CPPCHECK-1.56\LIB\TEMP\DEBUG_WIN32\VC100.PDB
