빌드 시작: 2012-11-21 오후 4:55:56
     1>2 노드의 "C:\Users\HeeSung\Documents\Visual Studio 2010\Projects\UI 1차 시도\UI 1차 시도\UI 1차 시도.vcxproj" 프로젝트(build 대상)입니다.
     1>InitializeBuildStatus:
         "AlwaysCreate"이(가) 지정되었기 때문에 "Debug\UI 1차 시도.unsuccessfulbuild"을(를) 만들고 있습니다.
       ClCompile:
         모든 출력이 최신 상태입니다.
         C:\Program Files (x86)\Microsoft Visual Studio 10.0\VC\bin\CL.exe /c /ZI /nologo /W3 /WX- /Od /Oy- /D WIN32 /D _DEBUG /D _WINDOWS /D _MBCS /Gm /EHsc /RTC1 /MDd /GS /fp:precise /Zc:wchar_t /Zc:forScope /Yu"StdAfx.h" /Fp"Debug\UI 1차 시도.pch" /Fo"Debug\\" /Fd"Debug\vc100.pdb" /Gd /TP /analyze- /errorReport:prompt "UI 1차 시도.cpp"
         UI 1차 시도.cpp
     1>c:\program files (x86)\microsoft visual studio 10.0\vc\include\xmemory(201): warning C4503: 'std::_Tree<_Traits>::erase' : 데코레이팅된 이름 길이를 초과했으므로 이름이 잘립니다.
                 with
                 [
                     _Traits=std::_Tmap_traits<std::string,std::pair<Parser::Table,Parser::Table>,std::less<std::string>,std::allocator<std::pair<const std::string,std::pair<Parser::Table,Parser::Table>>>,false>
                 ]
     1>c:\program files (x86)\microsoft visual studio 10.0\vc\include\xmemory(201): warning C4503: 'std::_Tree_val<_Traits>::_Myval' : 데코레이팅된 이름 길이를 초과했으므로 이름이 잘립니다.
                 with
                 [
                     _Traits=std::_Tmap_traits<std::string,std::pair<Parser::Table,Parser::Table>,std::less<std::string>,std::allocator<std::pair<const std::string,std::pair<Parser::Table,Parser::Table>>>,false>
                 ]
     1>c:\program files (x86)\microsoft visual studio 10.0\vc\include\xmemory(201): warning C4503: 'std::_Tree_iterator<_Mytree>::_Tree_iterator' : 데코레이팅된 이름 길이를 초과했으므로 이름이 잘립니다.
                 with
                 [
                     _Mytree=std::_Tree_val<std::_Tmap_traits<std::string,std::pair<Parser::Table,Parser::Table>,std::less<std::string>,std::allocator<std::pair<const std::string,std::pair<Parser::Table,Parser::Table>>>,false>>
                 ]
     1>c:\program files (x86)\microsoft visual studio 10.0\vc\include\xmemory(201): warning C4503: 'std::_Tree<_Traits>::erase' : 데코레이팅된 이름 길이를 초과했으므로 이름이 잘립니다.
                 with
                 [
                     _Traits=std::_Tmap_traits<std::string,std::pair<Parser::Table,Parser::Table>,std::less<std::string>,std::allocator<std::pair<const std::string,std::pair<Parser::Table,Parser::Table>>>,false>
                 ]
     1>c:\program files (x86)\microsoft visual studio 10.0\vc\include\xmemory(201): warning C4503: 'std::_Tree_const_iterator<_Mytree>::_Tree_const_iterator' : 데코레이팅된 이름 길이를 초과했으므로 이름이 잘립니다.
                 with
                 [
                     _Mytree=std::_Tree_val<std::_Tmap_traits<std::string,std::pair<Parser::Table,Parser::Table>,std::less<std::string>,std::allocator<std::pair<const std::string,std::pair<Parser::Table,Parser::Table>>>,false>>
                 ]
     1>c:\program files (x86)\microsoft visual studio 10.0\vc\include\xmemory(201): warning C4503: 'std::_Tree_unchecked_const_iterator<_Mytree,_Base>::_Tree_unchecked_const_iterator' : 데코레이팅된 이름 길이를 초과했으므로 이름이 잘립니다.
                 with
                 [
                     _Mytree=std::_Tree_val<std::_Tmap_traits<std::string,std::pair<Parser::Table,Parser::Table>,std::less<std::string>,std::allocator<std::pair<const std::string,std::pair<Parser::Table,Parser::Table>>>,false>>,
                     _Base=std::_Iterator_base
                 ]
     1>c:\program files (x86)\microsoft visual studio 10.0\vc\include\xmemory(201): warning C4503: 'std::_Tree<_Traits>::insert' : 데코레이팅된 이름 길이를 초과했으므로 이름이 잘립니다.
                 with
                 [
                     _Traits=std::_Tmap_traits<std::string,std::pair<Parser::Table,Parser::Table>,std::less<std::string>,std::allocator<std::pair<const std::string,std::pair<Parser::Table,Parser::Table>>>,false>
                 ]
     1>c:\program files (x86)\microsoft visual studio 10.0\vc\include\xmemory(201): warning C4503: 'std::_Tree<_Traits>::_Insert' : 데코레이팅된 이름 길이를 초과했으므로 이름이 잘립니다.
                 with
                 [
                     _Traits=std::_Tmap_traits<std::string,std::pair<Parser::Table,Parser::Table>,std::less<std::string>,std::allocator<std::pair<const std::string,std::pair<Parser::Table,Parser::Table>>>,false>
                 ]
     1>c:\program files (x86)\microsoft visual studio 10.0\vc\include\xmemory(201): warning C4503: 'std::_Tree<_Traits>::_Linsert' : 데코레이팅된 이름 길이를 초과했으므로 이름이 잘립니다.
                 with
                 [
                     _Traits=std::_Tmap_traits<std::string,std::pair<Parser::Table,Parser::Table>,std::less<std::string>,std::allocator<std::pair<const std::string,std::pair<Parser::Table,Parser::Table>>>,false>
                 ]
     1>c:\program files (x86)\microsoft visual studio 10.0\vc\include\xmemory(201): warning C4503: 'std::_Tree<_Traits>::_Insert' : 데코레이팅된 이름 길이를 초과했으므로 이름이 잘립니다.
                 with
                 [
                     _Traits=std::_Tmap_traits<std::string,std::pair<Parser::Table,Parser::Table>,std::less<std::string>,std::allocator<std::pair<const std::string,std::pair<Parser::Table,Parser::Table>>>,false>
                 ]
     1>c:\program files (x86)\microsoft visual studio 10.0\vc\include\xmemory(201): warning C4503: 'std::_Tree_val<_Traits>::_Buynode' : 데코레이팅된 이름 길이를 초과했으므로 이름이 잘립니다.
                 with
                 [
                     _Traits=std::_Tmap_traits<std::string,std::pair<Parser::Table,Parser::Table>,std::less<std::string>,std::allocator<std::pair<const std::string,std::pair<Parser::Table,Parser::Table>>>,false>
                 ]
     1>c:\program files (x86)\microsoft visual studio 10.0\vc\include\xmemory(201): warning C4503: 'std::pair<_Ty1,_Ty2>::pair' : 데코레이팅된 이름 길이를 초과했으므로 이름이 잘립니다.
                 with
                 [
                     _Ty1=std::_Tree_iterator<std::_Tree_val<std::_Tmap_traits<std::string,std::pair<Parser::Table,Parser::Table>,std::less<std::string>,std::allocator<std::pair<const std::string,std::pair<Parser::Table,Parser::Table>>>,false>>>,
                     _Ty2=bool
                 ]
     1>c:\program files (x86)\microsoft visual studio 10.0\vc\include\xmemory(201): warning C4503: 'std::_Pair_base<_Ty1,_Ty2>::_Pair_base' : 데코레이팅된 이름 길이를 초과했으므로 이름이 잘립니다.
                 with
                 [
                     _Ty1=std::_Tree_iterator<std::_Tree_val<std::_Tmap_traits<std::string,std::pair<Parser::Table,Parser::Table>,std::less<std::string>,std::allocator<std::pair<const std::string,std::pair<Parser::Table,Parser::Table>>>,false>>>,
                     _Ty2=bool
                 ]
     1>c:\program files (x86)\microsoft visual studio 10.0\vc\include\xmemory(201): warning C4503: 'std::_Iterator012<_Category,_Ty,_Diff,_Pointer,_Reference,_Base>' : 데코레이팅된 이름 길이를 초과했으므로 이름이 잘립니다.
                 with
                 [
                     _Category=std::bidirectional_iterator_tag,
                     _Ty=std::pair<const std::string,std::pair<Parser::Table,Parser::Table>>,
                     _Diff=__w64 int,
                     _Pointer=const std::pair<const std::string,std::pair<Parser::Table,Parser::Table>> ,
                     _Reference=const std::pair<const std::string,std::pair<Parser::Table,Parser::Table>> ,
                     _Base=std::_Iterator_base
                 ]
     1>c:\program files (x86)\microsoft visual studio 10.0\vc\include\xmemory(201): warning C4503: 'std::allocator<_Ty>::rebind<_Other>' : 데코레이팅된 이름 길이를 초과했으므로 이름이 잘립니다.
                 with
                 [
                     _Ty=std::pair<const std::string,std::pair<Parser::Table,Parser::Table>>
                 ]
                 and
                 [
                     _Other=std::_Tree_nod<std::_Tmap_traits<std::string,std::pair<Parser::Table,Parser::Table>,std::less<std::string>,std::allocator<std::pair<const std::string,std::pair<Parser::Table,Parser::Table>>>,false>>::_Node
                 ]
       ResourceCompile:
         모든 출력이 최신 상태입니다.
       ManifestResourceCompile:
         모든 출력이 최신 상태입니다.
       Link:
         C:\Program Files (x86)\Microsoft Visual Studio 10.0\VC\bin\link.exe /ERRORREPORT:PROMPT /OUT:"C:\Users\HeeSung\Documents\Visual Studio 2010\Projects\UI 1차 시도\Debug\UI 1차 시도.exe" /INCREMENTAL /NOLOGO kernel32.lib user32.lib gdi32.lib winspool.lib comdlg32.lib advapi32.lib shell32.lib ole32.lib oleaut32.lib uuid.lib odbc32.lib odbccp32.lib /MANIFEST /ManifestFile:"Debug\UI 1차 시도.exe.intermediate.manifest" /MANIFESTUAC:"level='asInvoker' uiAccess='false'" /DEBUG /PDB:"C:\Users\HeeSung\Documents\Visual Studio 2010\Projects\UI 1차 시도\Debug\UI 1차 시도.pdb" /SUBSYSTEM:WINDOWS /TLBID:1 /DYNAMICBASE /NXCOMPAT /IMPLIB:"C:\Users\HeeSung\Documents\Visual Studio 2010\Projects\UI 1차 시도\Debug\UI 1차 시도.lib" /MACHINE:X86 "Debug\UI 1차 시도.res"
         "Debug\UI 1차 시도.exe.embed.manifest.res"
         Debug\Parser.obj
         Debug\stdafx.obj
         "Debug\UI 1차 시도.obj"
       Manifest:
         C:\Program Files (x86)\Microsoft SDKs\Windows\v7.0A\bin\mt.exe /nologo /verbose /out:"Debug\UI 1차 시도.exe.embed.manifest" /manifest "Debug\UI 1차 시도.exe.intermediate.manifest"
         모든 출력이 최신 상태입니다.
       LinkEmbedManifest:
         모든 출력이 최신 상태입니다.
         UI 1차 시도.vcxproj -> C:\Users\HeeSung\Documents\Visual Studio 2010\Projects\UI 1차 시도\Debug\UI 1차 시도.exe
       FinalizeBuildStatus:
         "Debug\UI 1차 시도.unsuccessfulbuild" 파일을 삭제하고 있습니다.
         "Debug\UI 1차 시도.lastbuildstate"에 연결(touching)하고 있습니다.
     1>"C:\Users\HeeSung\Documents\Visual Studio 2010\Projects\UI 1차 시도\UI 1차 시도\UI 1차 시도.vcxproj" 프로젝트를 빌드했습니다(build 대상).

빌드했습니다.

경과 시간: 00:00:02.08
