C:\USERS\HEESUNG\DOCUMENTS\VISUAL STUDIO 2010\PROJECTS\UI 1차 시도\DEBUG\UI 1차 시도.EXE
C:\USERS\HEESUNG\DOCUMENTS\VISUAL STUDIO 2010\PROJECTS\UI 1차 시도\DEBUG\UI 1차 시도.ILK
C:\USERS\HEESUNG\DOCUMENTS\VISUAL STUDIO 2010\PROJECTS\UI 1차 시도\DEBUG\UI 1차 시도.PDB
C:\Users\HeeSung\Documents\Visual Studio 2010\Projects\UI 1차 시도\UI 1차 시도\Debug\cl.command.1.tlog
C:\Users\HeeSung\Documents\Visual Studio 2010\Projects\UI 1차 시도\UI 1차 시도\Debug\CL.read.1.tlog
C:\Users\HeeSung\Documents\Visual Studio 2010\Projects\UI 1차 시도\UI 1차 시도\Debug\CL.write.1.tlog
C:\Users\HeeSung\Documents\Visual Studio 2010\Projects\UI 1차 시도\UI 1차 시도\Debug\link.88396.read.1.tlog
C:\Users\HeeSung\Documents\Visual Studio 2010\Projects\UI 1차 시도\UI 1차 시도\Debug\link.88396.write.1.tlog
C:\Users\HeeSung\Documents\Visual Studio 2010\Projects\UI 1차 시도\UI 1차 시도\Debug\link.88396-cvtres.read.1.tlog
C:\Users\HeeSung\Documents\Visual Studio 2010\Projects\UI 1차 시도\UI 1차 시도\Debug\link.88396-cvtres.write.1.tlog
C:\Users\HeeSung\Documents\Visual Studio 2010\Projects\UI 1차 시도\UI 1차 시도\Debug\link.command.1.tlog
C:\Users\HeeSung\Documents\Visual Studio 2010\Projects\UI 1차 시도\UI 1차 시도\Debug\link.read.1.tlog
C:\Users\HeeSung\Documents\Visual Studio 2010\Projects\UI 1차 시도\UI 1차 시도\Debug\link.write.1.tlog
C:\Users\HeeSung\Documents\Visual Studio 2010\Projects\UI 1차 시도\UI 1차 시도\Debug\link-cvtres.read.1.tlog
C:\Users\HeeSung\Documents\Visual Studio 2010\Projects\UI 1차 시도\UI 1차 시도\Debug\link-cvtres.write.1.tlog
C:\Users\HeeSung\Documents\Visual Studio 2010\Projects\UI 1차 시도\UI 1차 시도\Debug\mt.command.1.tlog
C:\Users\HeeSung\Documents\Visual Studio 2010\Projects\UI 1차 시도\UI 1차 시도\Debug\mt.read.1.tlog
C:\Users\HeeSung\Documents\Visual Studio 2010\Projects\UI 1차 시도\UI 1차 시도\Debug\mt.write.1.tlog
C:\USERS\HEESUNG\DOCUMENTS\VISUAL STUDIO 2010\PROJECTS\UI 1차 시도\UI 1차 시도\DEBUG\PARSER.OBJ
C:\Users\HeeSung\Documents\Visual Studio 2010\Projects\UI 1차 시도\UI 1차 시도\Debug\rc.command.1.tlog
C:\Users\HeeSung\Documents\Visual Studio 2010\Projects\UI 1차 시도\UI 1차 시도\Debug\rc.read.1.tlog
C:\Users\HeeSung\Documents\Visual Studio 2010\Projects\UI 1차 시도\UI 1차 시도\Debug\rc.write.1.tlog
C:\USERS\HEESUNG\DOCUMENTS\VISUAL STUDIO 2010\PROJECTS\UI 1차 시도\UI 1차 시도\DEBUG\STDAFX.OBJ
C:\USERS\HEESUNG\DOCUMENTS\VISUAL STUDIO 2010\PROJECTS\UI 1차 시도\UI 1차 시도\DEBUG\UI 1차 시도.EXE.EMBED.MANIFEST
C:\USERS\HEESUNG\DOCUMENTS\VISUAL STUDIO 2010\PROJECTS\UI 1차 시도\UI 1차 시도\DEBUG\UI 1차 시도.EXE.EMBED.MANIFEST.RES
C:\USERS\HEESUNG\DOCUMENTS\VISUAL STUDIO 2010\PROJECTS\UI 1차 시도\UI 1차 시도\DEBUG\UI 1차 시도.EXE.INTERMEDIATE.MANIFEST
C:\USERS\HEESUNG\DOCUMENTS\VISUAL STUDIO 2010\PROJECTS\UI 1차 시도\UI 1차 시도\DEBUG\UI 1차 시도.OBJ
C:\USERS\HEESUNG\DOCUMENTS\VISUAL STUDIO 2010\PROJECTS\UI 1차 시도\UI 1차 시도\DEBUG\UI 1차 시도.PCH
C:\USERS\HEESUNG\DOCUMENTS\VISUAL STUDIO 2010\PROJECTS\UI 1차 시도\UI 1차 시도\DEBUG\UI 1차 시도.RES
C:\Users\HeeSung\Documents\Visual Studio 2010\Projects\UI 1차 시도\UI 1차 시도\Debug\UI 1차 시도.vcxprojResolveAssemblyReference.cache
C:\Users\HeeSung\Documents\Visual Studio 2010\Projects\UI 1차 시도\UI 1차 시도\Debug\UI 1차 시도.write.1.tlog
C:\Users\HeeSung\Documents\Visual Studio 2010\Projects\UI 1차 시도\UI 1차 시도\Debug\UI 1차 시도_manifest.rc
C:\Users\HeeSung\Documents\Visual Studio 2010\Projects\UI 1차 시도\UI 1차 시도\Debug\vc100.idb
C:\USERS\HEESUNG\DOCUMENTS\VISUAL STUDIO 2010\PROJECTS\UI 1차 시도\UI 1차 시도\DEBUG\VC100.PDB
