..\bin\debug\cppcheck.ilk
C:\USERS\HEESUNG\DESKTOP\시도4\CPPCHECK-1.56\BIN\DEBUG\CLI.PDB
C:\USERS\HEESUNG\DESKTOP\시도4\CPPCHECK-1.56\BIN\DEBUG\CPPCHECK.EXE
C:\USERS\HEESUNG\DESKTOP\시도4\CPPCHECK-1.56\BIN\DEBUG\CPPCHECK.ILK
C:\Users\HeeSung\Desktop\시도4\cppcheck-1.56\cli\..\bin\debug\cppcheck.exe
C:\Users\HeeSung\Desktop\시도4\cppcheck-1.56\cli\temp\Debug_Win32\cl.command.1.tlog
C:\Users\HeeSung\Desktop\시도4\cppcheck-1.56\cli\temp\Debug_Win32\CL.read.1.tlog
C:\Users\HeeSung\Desktop\시도4\cppcheck-1.56\cli\temp\Debug_Win32\CL.write.1.tlog
C:\Users\HeeSung\Desktop\시도4\cppcheck-1.56\cli\temp\Debug_Win32\cli.write.1.tlog
C:\USERS\HEESUNG\DESKTOP\시도4\CPPCHECK-1.56\CLI\TEMP\DEBUG_WIN32\CMDLINEPARSER.OBJ
C:\USERS\HEESUNG\DESKTOP\시도4\CPPCHECK-1.56\CLI\TEMP\DEBUG_WIN32\CPPCHECK.EXE.EMBED.MANIFEST
C:\USERS\HEESUNG\DESKTOP\시도4\CPPCHECK-1.56\CLI\TEMP\DEBUG_WIN32\CPPCHECK.EXE.EMBED.MANIFEST.RES
C:\USERS\HEESUNG\DESKTOP\시도4\CPPCHECK-1.56\CLI\TEMP\DEBUG_WIN32\CPPCHECK.EXE.INTERMEDIATE.MANIFEST
C:\USERS\HEESUNG\DESKTOP\시도4\CPPCHECK-1.56\CLI\TEMP\DEBUG_WIN32\CPPCHECK.RES
C:\Users\HeeSung\Desktop\시도4\cppcheck-1.56\cli\temp\Debug_Win32\cppcheck_manifest.rc
C:\USERS\HEESUNG\DESKTOP\시도4\CPPCHECK-1.56\CLI\TEMP\DEBUG_WIN32\CPPCHECKEXECUTOR.OBJ
C:\USERS\HEESUNG\DESKTOP\시도4\CPPCHECK-1.56\CLI\TEMP\DEBUG_WIN32\FILELISTER.OBJ
C:\Users\HeeSung\Desktop\시도4\cppcheck-1.56\cli\temp\Debug_Win32\link.command.1.tlog
C:\Users\HeeSung\Desktop\시도4\cppcheck-1.56\cli\temp\Debug_Win32\link.read.1.tlog
C:\Users\HeeSung\Desktop\시도4\cppcheck-1.56\cli\temp\Debug_Win32\link.write.1.tlog
C:\Users\HeeSung\Desktop\시도4\cppcheck-1.56\cli\temp\Debug_Win32\link-cvtres.read.1.tlog
C:\Users\HeeSung\Desktop\시도4\cppcheck-1.56\cli\temp\Debug_Win32\link-cvtres.write.1.tlog
C:\USERS\HEESUNG\DESKTOP\시도4\CPPCHECK-1.56\CLI\TEMP\DEBUG_WIN32\MAIN.OBJ
C:\Users\HeeSung\Desktop\시도4\cppcheck-1.56\cli\temp\Debug_Win32\mt.command.1.tlog
C:\Users\HeeSung\Desktop\시도4\cppcheck-1.56\cli\temp\Debug_Win32\mt.read.1.tlog
C:\Users\HeeSung\Desktop\시도4\cppcheck-1.56\cli\temp\Debug_Win32\mt.write.1.tlog
C:\USERS\HEESUNG\DESKTOP\시도4\CPPCHECK-1.56\CLI\TEMP\DEBUG_WIN32\PATHMATCH.OBJ
C:\Users\HeeSung\Desktop\시도4\cppcheck-1.56\cli\temp\Debug_Win32\rc.command.1.tlog
C:\Users\HeeSung\Desktop\시도4\cppcheck-1.56\cli\temp\Debug_Win32\rc.read.1.tlog
C:\Users\HeeSung\Desktop\시도4\cppcheck-1.56\cli\temp\Debug_Win32\rc.write.1.tlog
C:\USERS\HEESUNG\DESKTOP\시도4\CPPCHECK-1.56\CLI\TEMP\DEBUG_WIN32\THREADEXECUTOR.OBJ
C:\USERS\HEESUNG\DESKTOP\시도4\CPPCHECK-1.56\CLI\TEMP\DEBUG_WIN32\TINYSTR.OBJ
C:\USERS\HEESUNG\DESKTOP\시도4\CPPCHECK-1.56\CLI\TEMP\DEBUG_WIN32\TINYXML.OBJ
C:\USERS\HEESUNG\DESKTOP\시도4\CPPCHECK-1.56\CLI\TEMP\DEBUG_WIN32\TINYXMLERROR.OBJ
C:\USERS\HEESUNG\DESKTOP\시도4\CPPCHECK-1.56\CLI\TEMP\DEBUG_WIN32\TINYXMLPARSER.OBJ
C:\USERS\HEESUNG\DESKTOP\시도4\CPPCHECK-1.56\CLI\TEMP\DEBUG_WIN32\VC100.PDB
